<?xml version="1.0" encoding="UTF-8"?>
<Site BuildName="Win32-MSBuild"
	BuildStamp="20260117-0658-Experimental"
	Name="CPC-mungo-D9FBO"
	Generator="ctest-4.2.0"
	CompilerName="C:/Program Files/Microsoft Visual Studio/2022/Community/VC/Tools/MSVC/14.44.35207/bin/Hostx64/x64/cl.exe"
	CompilerVersion="19.44.35220.0"
	OSName="Windows"
	Hostname="CPC-mungo-D9FBO"
	OSRelease="10.0.26200"
	OSVersion="Windows 10"
	OSPlatform="AMD64"
	Is64Bits="1"
	VendorString="AuthenticAMD"
	VendorID="Advanced Micro Devices"
	FamilyID="15"
	ModelID="1"
	ModelName="AMD EPYC 7763 64-Core Processor"
	ProcessorCacheSize="64"
	NumberOfLogicalCPU="16"
	NumberOfPhysicalCPU="8"
	TotalVirtualMemory="75212"
	TotalPhysicalMemory="65484"
	LogicalProcessorsPerPhysical="2"
	ProcessorClockFrequency="2445"
	>
	<Testing>
		<StartDateTime>Jan 17 06:58 GMT Standard Time</StartDateTime>
		<StartTestTime>1768633112</StartTestTime>
		<TestList/>
		<EndDateTime>Jan 17 06:58 GMT Standard Time</EndDateTime>
		<EndTestTime>1768633112</EndTestTime>
		<ElapsedMinutes>0</ElapsedMinutes>
	</Testing>
</Site>
