<?xml version="1.0" encoding="UTF-8"?>
<Site BuildName="Linux-c++"
	BuildStamp="20260119-1028-Experimental"
	Name="CPC-mungo-D9FBO"
	Generator="ctest-3.28.3"
	CompilerName="/usr/bin/c++"
	CompilerVersion="13.3.0"
	OSName="Linux"
	Hostname="CPC-mungo-D9FBO"
	OSRelease="6.6.87.2-microsoft-standard-WSL2"
	OSVersion="#1 SMP PREEMPT_DYNAMIC Thu Jun  5 18:30:46 UTC 2025"
	OSPlatform="x86_64"
	Is64Bits="1"
	VendorString="AuthenticAMD"
	VendorID="Advanced Micro Devices"
	FamilyID="25"
	ModelID="1"
	ProcessorCacheSize="512"
	NumberOfLogicalCPU="16"
	NumberOfPhysicalCPU="8"
	TotalVirtualMemory="8192"
	TotalPhysicalMemory="32070"
	LogicalProcessorsPerPhysical="2"
	ProcessorClockFrequency="2445.43"
	>
	<Testing>
		<StartDateTime>Jan 19 15:59 UTC</StartDateTime>
		<StartTestTime>1768838359</StartTestTime>
		<TestList/>
		<EndDateTime>Jan 19 15:59 UTC</EndDateTime>
		<EndTestTime>1768838359</EndTestTime>
		<ElapsedMinutes>0</ElapsedMinutes>
	</Testing>
</Site>
